2020-03-17 14:34:51.835  INFO 21055 --- [main] c.i.edp.explorer.ui.Application          : Starting Application v1.0 on root with PID 21055 (/home/sai/EDP-DATA-MODULES/GITREPOSITROYDEPLOYMENT/Data-Explorer/libs/edp-explorer-ui-1.0.jar started by root in /home/sai/EDP-DATA-MODULES/GITREPOSITROYDEPLOYMENT/Data-Explorer/logs)
2020-03-17 14:34:51.915  INFO 21055 --- [main] c.i.edp.explorer.ui.Application          : No active profile set, falling back to default profiles: default
2020-03-17 14:34:52.289  INFO 21055 --- [main] ConfigServletWebServerApplicationContext : Refreshing org.springframework.boot.web.servlet.context.AnnotationConfigServletWebServerApplicationContext@27ddd392: startup date [Tue Mar 17 14:34:52 IST 2020]; root of context hierarchy
2020-03-17 14:34:57.433  INFO 21055 --- [main] o.s.b.w.embedded.tomcat.TomcatWebServer  : Tomcat initialized with port(s): 8080 (http)
2020-03-17 14:34:57.507  INFO 21055 --- [main] o.apache.catalina.core.StandardService   : Starting service [Tomcat]
2020-03-17 14:34:57.507  INFO 21055 --- [main] org.apache.catalina.core.StandardEngine  : Starting Servlet Engine: Apache Tomcat/8.5.29
2020-03-17 14:34:57.527  INFO 21055 --- [localhost-startStop-1] o.a.catalina.core.AprLifecycleListener   : The APR based Apache Tomcat Native library which allows optimal performance in production environments was not found on the java.library.path: [/usr/java/packages/lib/amd64:/usr/lib64:/lib64:/lib:/usr/lib]
2020-03-17 14:34:57.757  INFO 21055 --- [localhost-startStop-1] o.a.c.c.C.[Tomcat].[localhost].[/]       : Initializing Spring embedded WebApplicationContext
2020-03-17 14:34:57.758  INFO 21055 --- [localhost-startStop-1] o.s.web.context.ContextLoader            : Root WebApplicationContext: initialization completed in 5469 ms
2020-03-17 14:34:58.042  INFO 21055 --- [localhost-startStop-1] o.s.b.w.servlet.ServletRegistrationBean  : Servlet dispatcherServlet mapped to [/]
2020-03-17 14:34:58.046  INFO 21055 --- [localhost-startStop-1] o.s.b.w.servlet.FilterRegistrationBean   : Mapping filter: 'characterEncodingFilter' to: [/*]
2020-03-17 14:34:58.047  INFO 21055 --- [localhost-startStop-1] o.s.b.w.servlet.FilterRegistrationBean   : Mapping filter: 'hiddenHttpMethodFilter' to: [/*]
2020-03-17 14:34:58.047  INFO 21055 --- [localhost-startStop-1] o.s.b.w.servlet.FilterRegistrationBean   : Mapping filter: 'httpPutFormContentFilter' to: [/*]
2020-03-17 14:34:58.047  INFO 21055 --- [localhost-startStop-1] o.s.b.w.servlet.FilterRegistrationBean   : Mapping filter: 'requestContextFilter' to: [/*]
2020-03-17 14:34:58.399  INFO 21055 --- [main] o.s.w.s.handler.SimpleUrlHandlerMapping  : Mapped URL path [/**/favicon.ico] onto handler of type [class org.springframework.web.servlet.resource.ResourceHttpRequestHandler]
2020-03-17 14:34:59.566  INFO 21055 --- [main] s.w.s.m.m.a.RequestMappingHandlerAdapter : Looking for @ControllerAdvice: org.springframework.boot.web.servlet.context.AnnotationConfigServletWebServerApplicationContext@27ddd392: startup date [Tue Mar 17 14:34:52 IST 2020]; root of context hierarchy
2020-03-17 14:34:59.682  INFO 21055 --- [main] s.w.s.m.m.a.RequestMappingHandlerMapping : Mapped "{[/error],produces=[text/html]}" onto public org.springframework.web.servlet.ModelAndView org.springframework.boot.autoconfigure.web.servlet.error.BasicErrorController.errorHtml(javax.servlet.http.HttpServletRequest,javax.servlet.http.HttpServletResponse)
2020-03-17 14:34:59.684  INFO 21055 --- [main] s.w.s.m.m.a.RequestMappingHandlerMapping : Mapped "{[/error]}" onto public org.springframework.http.ResponseEntity<java.util.Map<java.lang.String, java.lang.Object>> org.springframework.boot.autoconfigure.web.servlet.error.BasicErrorController.error(javax.servlet.http.HttpServletRequest)
2020-03-17 14:34:59.719  INFO 21055 --- [main] o.s.w.s.handler.SimpleUrlHandlerMapping  : Mapped URL path [/webjars/**] onto handler of type [class org.springframework.web.servlet.resource.ResourceHttpRequestHandler]
2020-03-17 14:34:59.722  INFO 21055 --- [main] o.s.w.s.handler.SimpleUrlHandlerMapping  : Mapped URL path [/**] onto handler of type [class org.springframework.web.servlet.resource.ResourceHttpRequestHandler]
2020-03-17 14:34:59.822  INFO 21055 --- [main] o.s.b.a.w.s.WelcomePageHandlerMapping    : Adding welcome page: class path resource [static/index.html]
2020-03-17 14:35:00.009  INFO 21055 --- [main] o.s.j.e.a.AnnotationMBeanExporter        : Registering beans for JMX exposure on startup
2020-03-17 14:35:00.189  INFO 21055 --- [main] o.s.b.w.embedded.tomcat.TomcatWebServer  : Tomcat started on port(s): 8080 (http) with context path ''
2020-03-17 14:35:00.195  INFO 21055 --- [main] c.i.edp.explorer.ui.Application          : Started Application in 9.923 seconds (JVM running for 13.667)
2020-03-17 14:53:17.958  INFO 21055 --- [http-nio-8080-exec-1] o.a.c.c.C.[Tomcat].[localhost].[/]       : Initializing Spring FrameworkServlet 'dispatcherServlet'
2020-03-17 14:53:18.293  INFO 21055 --- [http-nio-8080-exec-1] o.s.web.servlet.DispatcherServlet        : FrameworkServlet 'dispatcherServlet': initialization started
2020-03-17 14:53:19.468  INFO 21055 --- [http-nio-8080-exec-1] o.s.web.servlet.DispatcherServlet        : FrameworkServlet 'dispatcherServlet': initialization completed in 1174 ms
